[debug] [2025-08-22T06:47:36.277Z] ----------------------------------------------------------------------
[debug] [2025-08-22T06:47:36.280Z] Command:       C:\Program Files\nodejs\node.exe C:\Users\Lory\AppData\Roaming\npm\node_modules\firebase-tools\lib\bin\firebase.js init hosting
[debug] [2025-08-22T06:47:36.281Z] CLI Version:   14.14.0
[debug] [2025-08-22T06:47:36.281Z] Platform:      win32
[debug] [2025-08-22T06:47:36.281Z] Node Version:  v22.13.1
[debug] [2025-08-22T06:47:36.281Z] Time:          Fri Aug 22 2025 14:47:36 GMT+0800 (Philippine Standard Time)
[debug] [2025-08-22T06:47:36.281Z] ----------------------------------------------------------------------
[debug] 
[debug] [2025-08-22T06:47:36.537Z] > command requires scopes: ["email","openid","https://www.googleapis.com/auth/cloudplatformprojects.readonly","https://www.googleapis.com/auth/firebase","https://www.googleapis.com/auth/cloud-platform"]
[debug] [2025-08-22T06:47:36.538Z] > authorizing via signed-in user (beboyjohn8@gmail.com)
[info] 
     ######## #### ########  ######## ########     ###     ######  ########
     ##        ##  ##     ## ##       ##     ##  ##   ##  ##       ##
     ######    ##  ########  ######   ########  #########  ######  ######
     ##        ##  ##    ##  ##       ##     ## ##     ##       ## ##
     ##       #### ##     ## ######## ########  ##     ##  ######  ########

You're about to initialize a Firebase project in this directory:

  C:\Users\Lory\Documents\vscode\nextjs apps\Coin Slot Tracking System\system

Before we get started, keep in mind:

  * You are initializing within an existing Firebase project directory

[info] 
=== Project Setup
[info] 
[info] First, let's associate this project directory with a Firebase project.
[info] You can create multiple project aliases by running firebase use --add, 
[info] but for now we'll just set up a default project.
[info] 
[debug] [2025-08-22T06:47:39.525Z] Using project from CLI flag: coin-slot-sales-tracking
[debug] [2025-08-22T06:47:39.526Z] Checked if tokens are valid: true, expires at: 1755847570143
[debug] [2025-08-22T06:47:39.527Z] Checked if tokens are valid: true, expires at: 1755847570143
[debug] [2025-08-22T06:47:39.529Z] >>> [apiv2][query] GET https://firebase.googleapis.com/v1beta1/projects/coin-slot-sales-tracking [none]
[debug] [2025-08-22T06:47:39.954Z] <<< [apiv2][status] GET https://firebase.googleapis.com/v1beta1/projects/coin-slot-sales-tracking 200
[debug] [2025-08-22T06:47:39.954Z] <<< [apiv2][body] GET https://firebase.googleapis.com/v1beta1/projects/coin-slot-sales-tracking {"projectId":"coin-slot-sales-tracking","projectNumber":"289863384113","displayName":"Coin Slot Sales Tracking","name":"projects/coin-slot-sales-tracking","resources":{"hostingSite":"coin-slot-sales-tracking","realtimeDatabaseInstance":"coin-slot-sales-tracking-default-rtdb"},"state":"ACTIVE","etag":"1_e168f342-a05c-4605-9fd8-ca82aa3d418f"}
[info] i  Using project coin-slot-sales-tracking (Coin Slot Sales Tracking) 
[info] 
=== Hosting Setup
[debug] [2025-08-22T06:47:39.962Z] Checked if tokens are valid: true, expires at: 1755847570143
[debug] [2025-08-22T06:47:39.962Z] Checked if tokens are valid: true, expires at: 1755847570143
[debug] [2025-08-22T06:47:39.963Z] >>> [apiv2][query] GET https://firebase.googleapis.com/v1beta1/projects/coin-slot-sales-tracking [none]
[debug] [2025-08-22T06:47:40.213Z] <<< [apiv2][status] GET https://firebase.googleapis.com/v1beta1/projects/coin-slot-sales-tracking 200
[debug] [2025-08-22T06:47:40.213Z] <<< [apiv2][body] GET https://firebase.googleapis.com/v1beta1/projects/coin-slot-sales-tracking {"projectId":"coin-slot-sales-tracking","projectNumber":"289863384113","displayName":"Coin Slot Sales Tracking","name":"projects/coin-slot-sales-tracking","resources":{"hostingSite":"coin-slot-sales-tracking","realtimeDatabaseInstance":"coin-slot-sales-tracking-default-rtdb"},"state":"ACTIVE","etag":"1_e168f342-a05c-4605-9fd8-ca82aa3d418f"}
[info] 
[info] Your public directory is the folder (relative to your project directory) that
[info] will contain Hosting assets to be uploaded with firebase deploy. If you
[info] have a build process for your assets, use your build's output directory.
[info] 
[info] i  public/404.html is unchanged 
[debug] [2025-08-22T06:47:57.113Z] >>> [apiv2][query] GET https://www.gstatic.com/firebasejs/releases.json [none]
[debug] [2025-08-22T06:47:57.257Z] <<< [apiv2][status] GET https://www.gstatic.com/firebasejs/releases.json 200
[debug] [2025-08-22T06:47:57.257Z] <<< [apiv2][body] GET https://www.gstatic.com/firebasejs/releases.json {"current":{"version":"12.1.0","browserURL":"https://www.gstatic.com/firebasejs/12.1.0/firebase.js","packageURL":"https://www.gstatic.com/firebasejs/12.1.0/firebase.tgz"},"live":{"version":"12.1","browserURL":"https://www.gstatic.com/firebasejs/live/12.1/firebase.js","packageURL":"https://www.gstatic.com/firebasejs/live/12.1/firebase.tgz"},"components":{"ai":"https://www.gstatic.com/firebasejs/12.1.0/firebase-ai.js","analytics":"https://www.gstatic.com/firebasejs/12.1.0/firebase-analytics.js","app":"https://www.gstatic.com/firebasejs/12.1.0/firebase-app.js","app-check":"https://www.gstatic.com/firebasejs/12.1.0/firebase-app-check.js","auth":"https://www.gstatic.com/firebasejs/12.1.0/firebase-auth.js","auth/cordova":"https://www.gstatic.com/firebasejs/12.1.0/firebase-auth/cordova.js","auth/web-extension":"https://www.gstatic.com/firebasejs/12.1.0/firebase-auth/web-extension.js","functions":"https://www.gstatic.com/firebasejs/12.1.0/firebase-functions.js","firestore":"https://www.gstatic.com/firebasejs/12.1.0/firebase-firestore.js","firestore/lite":"https://www.gstatic.com/firebasejs/12.1.0/firebase-firestore/lite.js","installations":"https://www.gstatic.com/firebasejs/12.1.0/firebase-installations.js","storage":"https://www.gstatic.com/firebasejs/12.1.0/firebase-storage.js","performance":"https://www.gstatic.com/firebasejs/12.1.0/firebase-performance.js","remote-config":"https://www.gstatic.com/firebasejs/12.1.0/firebase-remote-config.js","messaging":"https://www.gstatic.com/firebasejs/12.1.0/firebase-messaging.js","messaging/sw":"https://www.gstatic.com/firebasejs/12.1.0/firebase-messaging/sw.js","database":"https://www.gstatic.com/firebasejs/12.1.0/firebase-database.js","data-connect":"https://www.gstatic.com/firebasejs/12.1.0/firebase-data-connect.js","firestore.memory":"https://www.gstatic.com/firebasejs/12.1.0/firebase-firestore.memory.js"}}
[info] i  public/index.html is unchanged 
[info] 
[info] i  Detected a .git folder at C:\Users\Lory\Documents\vscode\nextjs apps\Coin Slot Tracking System\system 
[info] i  Authorizing with GitHub to upload your service account to a GitHub repository's secrets store. 
[info] 
[info] Visit this URL on this device to log in:
[info] https://github.com/login/oauth/authorize?client_id=89cf50f02ac6aaed3484&state=92670038&redirect_uri=http%3A%2F%2Flocalhost%3A9005&scope=read%3Auser%20repo%20public_repo
[info] 
[info] Waiting for authentication...
[debug] [2025-08-22T06:47:58.087Z] >>> [apiv2][query] POST https://github.com/login/oauth/access_token [none]
[debug] [2025-08-22T06:47:58.087Z] >>> [apiv2][body] POST https://github.com/login/oauth/access_token [stream]
[debug] [2025-08-22T06:47:58.673Z] <<< [apiv2][status] POST https://github.com/login/oauth/access_token 200
[debug] [2025-08-22T06:47:58.674Z] <<< [apiv2][body] POST https://github.com/login/oauth/access_token {"access_token":"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","token_type":"bearer","scope":"read:user,repo"}
[debug] [2025-08-22T06:47:58.676Z] >>> [apiv2][query] GET https://api.github.com/user [none]
[debug] [2025-08-22T06:47:59.336Z] <<< [apiv2][status] GET https://api.github.com/user 200
[debug] [2025-08-22T06:47:59.337Z] <<< [apiv2][body] GET https://api.github.com/user {"login":"sweeetmiso3777","id":135036237,"node_id":"U_kgDOCAx9TQ","avatar_url":"https://avatars.githubusercontent.com/u/135036237?v=4","gravatar_id":"","url":"https://api.github.com/users/sweeetmiso3777","html_url":"https://github.com/sweeetmiso3777","followers_url":"https://api.github.com/users/sweeetmiso3777/followers","following_url":"https://api.github.com/users/sweeetmiso3777/following{/other_user}","gists_url":"https://api.github.com/users/sweeetmiso3777/gists{/gist_id}","starred_url":"https://api.github.com/users/sweeetmiso3777/starred{/owner}{/repo}","subscriptions_url":"https://api.github.com/users/sweeetmiso3777/subscriptions","organizations_url":"https://api.github.com/users/sweeetmiso3777/orgs","repos_url":"https://api.github.com/users/sweeetmiso3777/repos","events_url":"https://api.github.com/users/sweeetmiso3777/events{/privacy}","received_events_url":"https://api.github.com/users/sweeetmiso3777/received_events","type":"User","user_view_type":"private","site_admin":false,"name":null,"company":null,"blog":"","location":null,"email":null,"hireable":null,"bio":null,"twitter_username":null,"notification_email":null,"public_repos":5,"public_gists":0,"followers":0,"following":0,"created_at":"2023-05-30T14:00:14Z","updated_at":"2025-08-22T06:29:39Z","private_gists":0,"total_private_repos":1,"owned_private_repos":1,"disk_usage":6744,"collaborators":0,"two_factor_authentication":false,"plan":{"name":"free","space":976562499,"collaborators":0,"private_repos":10000}}
[info] 
[info] +  Success! Logged into GitHub as sweeetmiso3777 
[info] 
[debug] [2025-08-22T06:48:09.666Z] >>> [apiv2][query] GET https://api.github.com/repos/sweeetmiso777/coinslotsystem/actions/secrets/public-key type=owner
[debug] [2025-08-22T06:48:10.147Z] <<< [apiv2][status] GET https://api.github.com/repos/sweeetmiso777/coinslotsystem/actions/secrets/public-key 404
[debug] [2025-08-22T06:48:10.147Z] <<< [apiv2][body] GET https://api.github.com/repos/sweeetmiso777/coinslotsystem/actions/secrets/public-key {"message":"Not Found","documentation_url":"https://docs.github.com/rest/actions/secrets#get-a-repository-public-key","status":"404"}
[info] 
[info] 
[error] !  The provided authorization cannot be used with this repository. If this repository is in an organization, did you remember to grant access? 
[info] 
[info] i  Action required: Visit this URL to ensure access has been granted to the appropriate organization(s) for the Firebase CLI GitHub OAuth App: 
[info] https://github.com/settings/connections/applications/89cf50f02ac6aaed3484
[info] 
[debug] [2025-08-22T06:48:37.392Z] ExitPromptError: User force closed the prompt with SIGINT
    at Interface.sigint (C:\Users\Lory\AppData\Roaming\npm\node_modules\firebase-tools\node_modules\@inquirer\core\dist\commonjs\lib\create-prompt.js:101:37)
    at Interface.emit (node:events:524:28)
    at Interface.emit (node:domain:489:12)
    at [_ttyWrite] [as _ttyWrite] (node:internal/readline/interface:1124:18)
    at ReadStream.onkeypress (node:internal/readline/interface:263:20)
    at ReadStream.emit (node:events:536:35)
    at ReadStream.emit (node:domain:489:12)
    at emitKeys (node:internal/readline/utils:370:14)
    at emitKeys.next (<anonymous>)
    at ReadStream.onData (node:internal/readline/emitKeypressEvents:64:36)
[error] 
[error] Error: An unexpected error has occurred.
